node:internal/fs/utils:347
    throw err;
    ^

Error: ENOENT: no such file or directory, copyfile 'C:\Windows\system32\config\systemprofile/AppData/Local/Google/Chrome/User Data/Default/Favicons' -> 'Favicons'
    at Object.copyFileSync (node:fs:2894:3)
    at readAllFavicons (C:\Users\tim.stanford\Documents\code\tim\chrome-homepage\server.js:35:8)
    at Object.<anonymous> (C:\Users\tim.stanford\Documents\code\tim\chrome-homepage\server.js:95:1)
    at Module._compile (node:internal/modules/cjs/loader:1254:14)
    at Module._extensions..js (node:internal/modules/cjs/loader:1308:10)
    at Module.load (node:internal/modules/cjs/loader:1117:32)
    at Module._load (node:internal/modules/cjs/loader:958:12)
    at Function.executeUserEntryPoint [as runMain] (node:internal/modules/run_main:81:12)
    at node:internal/main/run_main_module:23:47 {
  errno: -4058,
  syscall: 'copyfile',
  code: 'ENOENT',
  path: 'C:\\Windows\\system32\\config\\systemprofile/AppData/Local/Google/Chrome/User Data/Default/Favicons',
  dest: 'Favicons'
}

Node.js v18.16.0
node:internal/fs/utils:347
    throw err;
    ^

Error: ENOENT: no such file or directory, copyfile 'C:\Windows\system32\config\systemprofile/AppData/Local/Google/Chrome/User Data/Default/Favicons' -> 'Favicons'
    at Object.copyFileSync (node:fs:2894:3)
    at readAllFavicons (C:\Users\tim.stanford\Documents\code\tim\chrome-homepage\server.js:35:8)
    at Object.<anonymous> (C:\Users\tim.stanford\Documents\code\tim\chrome-homepage\server.js:95:1)
    at Module._compile (node:internal/modules/cjs/loader:1254:14)
    at Module._extensions..js (node:internal/modules/cjs/loader:1308:10)
    at Module.load (node:internal/modules/cjs/loader:1117:32)
    at Module._load (node:internal/modules/cjs/loader:958:12)
    at Function.executeUserEntryPoint [as runMain] (node:internal/modules/run_main:81:12)
    at node:internal/main/run_main_module:23:47 {
  errno: -4058,
  syscall: 'copyfile',
  code: 'ENOENT',
  path: 'C:\\Windows\\system32\\config\\systemprofile/AppData/Local/Google/Chrome/User Data/Default/Favicons',
  dest: 'Favicons'
}

Node.js v18.16.0
node:internal/fs/utils:347
    throw err;
    ^

Error: ENOENT: no such file or directory, copyfile 'C:\Windows\system32\config\systemprofile/AppData/Local/Google/Chrome/User Data/Default/Favicons' -> 'Favicons'
    at Object.copyFileSync (node:fs:2894:3)
    at readAllFavicons (C:\Users\tim.stanford\Documents\code\tim\chrome-homepage\server.js:35:8)
    at Object.<anonymous> (C:\Users\tim.stanford\Documents\code\tim\chrome-homepage\server.js:95:1)
    at Module._compile (node:internal/modules/cjs/loader:1254:14)
    at Module._extensions..js (node:internal/modules/cjs/loader:1308:10)
    at Module.load (node:internal/modules/cjs/loader:1117:32)
    at Module._load (node:internal/modules/cjs/loader:958:12)
    at Function.executeUserEntryPoint [as runMain] (node:internal/modules/run_main:81:12)
    at node:internal/main/run_main_module:23:47 {
  errno: -4058,
  syscall: 'copyfile',
  code: 'ENOENT',
  path: 'C:\\Windows\\system32\\config\\systemprofile/AppData/Local/Google/Chrome/User Data/Default/Favicons',
  dest: 'Favicons'
}

Node.js v18.16.0
node:internal/fs/utils:347
    throw err;
    ^

Error: ENOENT: no such file or directory, copyfile 'C:\Windows\system32\config\systemprofile/AppData/Local/Google/Chrome/User Data/Default/Favicons' -> 'Favicons'
    at Object.copyFileSync (node:fs:2894:3)
    at readAllFavicons (C:\Users\tim.stanford\Documents\code\tim\chrome-homepage\server.js:35:8)
    at Object.<anonymous> (C:\Users\tim.stanford\Documents\code\tim\chrome-homepage\server.js:95:1)
    at Module._compile (node:internal/modules/cjs/loader:1254:14)
    at Module._extensions..js (node:internal/modules/cjs/loader:1308:10)
    at Module.load (node:internal/modules/cjs/loader:1117:32)
    at Module._load (node:internal/modules/cjs/loader:958:12)
    at Function.executeUserEntryPoint [as runMain] (node:internal/modules/run_main:81:12)
    at node:internal/main/run_main_module:23:47 {
  errno: -4058,
  syscall: 'copyfile',
  code: 'ENOENT',
  path: 'C:\\Windows\\system32\\config\\systemprofile/AppData/Local/Google/Chrome/User Data/Default/Favicons',
  dest: 'Favicons'
}

Node.js v18.16.0
node:internal/fs/utils:347
    throw err;
    ^

Error: ENOENT: no such file or directory, copyfile 'C:\Windows\system32\config\systemprofile/AppData/Local/Google/Chrome/User Data/Default/Favicons' -> 'Favicons'
    at Object.copyFileSync (node:fs:2894:3)
    at readAllFavicons (C:\Users\tim.stanford\Documents\code\tim\chrome-homepage\server.js:35:8)
    at Object.<anonymous> (C:\Users\tim.stanford\Documents\code\tim\chrome-homepage\server.js:95:1)
    at Module._compile (node:internal/modules/cjs/loader:1254:14)
    at Module._extensions..js (node:internal/modules/cjs/loader:1308:10)
    at Module.load (node:internal/modules/cjs/loader:1117:32)
    at Module._load (node:internal/modules/cjs/loader:958:12)
    at Function.executeUserEntryPoint [as runMain] (node:internal/modules/run_main:81:12)
    at node:internal/main/run_main_module:23:47 {
  errno: -4058,
  syscall: 'copyfile',
  code: 'ENOENT',
  path: 'C:\\Windows\\system32\\config\\systemprofile/AppData/Local/Google/Chrome/User Data/Default/Favicons',
  dest: 'Favicons'
}

Node.js v18.16.0
node:internal/fs/utils:347
    throw err;
    ^

Error: ENOENT: no such file or directory, copyfile 'C:\Windows\system32\config\systemprofile/AppData/Local/Google/Chrome/User Data/Default/Favicons' -> 'Favicons'
    at Object.copyFileSync (node:fs:2894:3)
    at readAllFavicons (C:\Users\tim.stanford\Documents\code\tim\chrome-homepage\server.js:35:8)
    at Object.<anonymous> (C:\Users\tim.stanford\Documents\code\tim\chrome-homepage\server.js:95:1)
    at Module._compile (node:internal/modules/cjs/loader:1254:14)
    at Module._extensions..js (node:internal/modules/cjs/loader:1308:10)
    at Module.load (node:internal/modules/cjs/loader:1117:32)
    at Module._load (node:internal/modules/cjs/loader:958:12)
    at Function.executeUserEntryPoint [as runMain] (node:internal/modules/run_main:81:12)
    at node:internal/main/run_main_module:23:47 {
  errno: -4058,
  syscall: 'copyfile',
  code: 'ENOENT',
  path: 'C:\\Windows\\system32\\config\\systemprofile/AppData/Local/Google/Chrome/User Data/Default/Favicons',
  dest: 'Favicons'
}

Node.js v18.16.0
node:internal/fs/utils:347
    throw err;
    ^

Error: ENOENT: no such file or directory, copyfile 'c:/users/tim.stanford/AppData/Local/Google/Chrome/User Data/Default/Favicons' -> 'Favicons'
    at Object.copyFileSync (node:fs:2894:3)
    at readAllFavicons (C:\Users\tim.stanford\Documents\code\tim\chrome-homepage\server.js:35:8)
    at Object.<anonymous> (C:\Users\tim.stanford\Documents\code\tim\chrome-homepage\server.js:95:1)
    at Module._compile (node:internal/modules/cjs/loader:1256:14)
    at Module._extensions..js (node:internal/modules/cjs/loader:1310:10)
    at Module.load (node:internal/modules/cjs/loader:1119:32)
    at Module._load (node:internal/modules/cjs/loader:960:12)
    at Function.executeUserEntryPoint [as runMain] (node:internal/modules/run_main:81:12)
    at node:internal/main/run_main_module:23:47 {
  errno: -4058,
  syscall: 'copyfile',
  code: 'ENOENT',
  path: 'c:/users/tim.stanford/AppData/Local/Google/Chrome/User Data/Default/Favicons',
  dest: 'Favicons'
}

Node.js v18.16.1
node:internal/fs/utils:347
    throw err;
    ^

Error: ENOENT: no such file or directory, copyfile 'c:/users/tim.stanford/AppData/Local/Google/Chrome/User Data/Default/Favicons' -> 'Favicons'
    at Object.copyFileSync (node:fs:2894:3)
    at readAllFavicons (C:\Users\tim.stanford\Documents\code\tim\chrome-homepage\server.js:35:8)
    at Object.<anonymous> (C:\Users\tim.stanford\Documents\code\tim\chrome-homepage\server.js:95:1)
    at Module._compile (node:internal/modules/cjs/loader:1256:14)
    at Module._extensions..js (node:internal/modules/cjs/loader:1310:10)
    at Module.load (node:internal/modules/cjs/loader:1119:32)
    at Module._load (node:internal/modules/cjs/loader:960:12)
    at Function.executeUserEntryPoint [as runMain] (node:internal/modules/run_main:81:12)
    at node:internal/main/run_main_module:23:47 {
  errno: -4058,
  syscall: 'copyfile',
  code: 'ENOENT',
  path: 'c:/users/tim.stanford/AppData/Local/Google/Chrome/User Data/Default/Favicons',
  dest: 'Favicons'
}

Node.js v18.16.1
node:internal/fs/utils:347
    throw err;
    ^

Error: ENOENT: no such file or directory, copyfile 'c:/users/tim.stanford/AppData/Local/Google/Chrome/User Data/Default/Favicons' -> 'Favicons'
    at Object.copyFileSync (node:fs:2894:3)
    at readAllFavicons (C:\Users\tim.stanford\Documents\code\tim\chrome-homepage\server.js:35:8)
    at Object.<anonymous> (C:\Users\tim.stanford\Documents\code\tim\chrome-homepage\server.js:95:1)
    at Module._compile (node:internal/modules/cjs/loader:1256:14)
    at Module._extensions..js (node:internal/modules/cjs/loader:1310:10)
    at Module.load (node:internal/modules/cjs/loader:1119:32)
    at Module._load (node:internal/modules/cjs/loader:960:12)
    at Function.executeUserEntryPoint [as runMain] (node:internal/modules/run_main:81:12)
    at node:internal/main/run_main_module:23:47 {
  errno: -4058,
  syscall: 'copyfile',
  code: 'ENOENT',
  path: 'c:/users/tim.stanford/AppData/Local/Google/Chrome/User Data/Default/Favicons',
  dest: 'Favicons'
}

Node.js v18.16.1
node:internal/fs/utils:347
    throw err;
    ^

Error: ENOENT: no such file or directory, copyfile 'c:/users/tim.stanford/AppData/Local/Google/Chrome/User Data/Default/Favicons' -> 'Favicons'
    at Object.copyFileSync (node:fs:2894:3)
    at readAllFavicons (C:\Users\tim.stanford\Documents\code\tim\chrome-homepage\server.js:35:8)
    at Object.<anonymous> (C:\Users\tim.stanford\Documents\code\tim\chrome-homepage\server.js:95:1)
    at Module._compile (node:internal/modules/cjs/loader:1256:14)
    at Module._extensions..js (node:internal/modules/cjs/loader:1310:10)
    at Module.load (node:internal/modules/cjs/loader:1119:32)
    at Module._load (node:internal/modules/cjs/loader:960:12)
    at Function.executeUserEntryPoint [as runMain] (node:internal/modules/run_main:81:12)
    at node:internal/main/run_main_module:23:47 {
  errno: -4058,
  syscall: 'copyfile',
  code: 'ENOENT',
  path: 'c:/users/tim.stanford/AppData/Local/Google/Chrome/User Data/Default/Favicons',
  dest: 'Favicons'
}

Node.js v18.16.1
node:internal/fs/utils:347
    throw err;
    ^

Error: ENOENT: no such file or directory, copyfile 'c:/users/tim.stanford/AppData/Local/Google/Chrome/User Data/Default/Favicons' -> 'Favicons'
    at Object.copyFileSync (node:fs:2894:3)
    at readAllFavicons (C:\Users\tim.stanford\Documents\code\tim\chrome-homepage\server.js:35:8)
    at Object.<anonymous> (C:\Users\tim.stanford\Documents\code\tim\chrome-homepage\server.js:95:1)
    at Module._compile (node:internal/modules/cjs/loader:1256:14)
    at Module._extensions..js (node:internal/modules/cjs/loader:1310:10)
    at Module.load (node:internal/modules/cjs/loader:1119:32)
    at Module._load (node:internal/modules/cjs/loader:960:12)
    at Function.executeUserEntryPoint [as runMain] (node:internal/modules/run_main:81:12)
    at node:internal/main/run_main_module:23:47 {
  errno: -4058,
  syscall: 'copyfile',
  code: 'ENOENT',
  path: 'c:/users/tim.stanford/AppData/Local/Google/Chrome/User Data/Default/Favicons',
  dest: 'Favicons'
}

Node.js v18.16.1
node:internal/fs/utils:347
    throw err;
    ^

Error: ENOENT: no such file or directory, copyfile 'c:/users/tim.stanford/AppData/Local/Google/Chrome/User Data/Default/Favicons' -> 'Favicons'
    at Object.copyFileSync (node:fs:2894:3)
    at readAllFavicons (C:\Users\tim.stanford\Documents\code\tim\chrome-homepage\server.js:35:8)
    at Object.<anonymous> (C:\Users\tim.stanford\Documents\code\tim\chrome-homepage\server.js:95:1)
    at Module._compile (node:internal/modules/cjs/loader:1256:14)
    at Module._extensions..js (node:internal/modules/cjs/loader:1310:10)
    at Module.load (node:internal/modules/cjs/loader:1119:32)
    at Module._load (node:internal/modules/cjs/loader:960:12)
    at Function.executeUserEntryPoint [as runMain] (node:internal/modules/run_main:81:12)
    at node:internal/main/run_main_module:23:47 {
  errno: -4058,
  syscall: 'copyfile',
  code: 'ENOENT',
  path: 'c:/users/tim.stanford/AppData/Local/Google/Chrome/User Data/Default/Favicons',
  dest: 'Favicons'
}

Node.js v18.16.1
node:internal/fs/utils:347
    throw err;
    ^

Error: ENOENT: no such file or directory, copyfile 'c:/users/tim.stanford/AppData/Local/Google/Chrome/User Data/Default/Favicons' -> 'Favicons'
    at Object.copyFileSync (node:fs:2894:3)
    at readAllFavicons (C:\Users\tim.stanford\Documents\code\tim\chrome-homepage\server.js:35:8)
    at Object.<anonymous> (C:\Users\tim.stanford\Documents\code\tim\chrome-homepage\server.js:95:1)
    at Module._compile (node:internal/modules/cjs/loader:1256:14)
    at Module._extensions..js (node:internal/modules/cjs/loader:1310:10)
    at Module.load (node:internal/modules/cjs/loader:1119:32)
    at Module._load (node:internal/modules/cjs/loader:960:12)
    at Function.executeUserEntryPoint [as runMain] (node:internal/modules/run_main:81:12)
    at node:internal/main/run_main_module:23:47 {
  errno: -4058,
  syscall: 'copyfile',
  code: 'ENOENT',
  path: 'c:/users/tim.stanford/AppData/Local/Google/Chrome/User Data/Default/Favicons',
  dest: 'Favicons'
}

Node.js v18.16.1
node:internal/fs/utils:347
    throw err;
    ^

Error: ENOENT: no such file or directory, copyfile 'c:/users/tim.stanford/AppData/Local/Google/Chrome/User Data/Default/Favicons' -> 'Favicons'
    at Object.copyFileSync (node:fs:2894:3)
    at readAllFavicons (C:\Users\tim.stanford\Documents\code\tim\chrome-homepage\server.js:35:8)
    at Object.<anonymous> (C:\Users\tim.stanford\Documents\code\tim\chrome-homepage\server.js:95:1)
    at Module._compile (node:internal/modules/cjs/loader:1256:14)
    at Module._extensions..js (node:internal/modules/cjs/loader:1310:10)
    at Module.load (node:internal/modules/cjs/loader:1119:32)
    at Module._load (node:internal/modules/cjs/loader:960:12)
    at Function.executeUserEntryPoint [as runMain] (node:internal/modules/run_main:81:12)
    at node:internal/main/run_main_module:23:47 {
  errno: -4058,
  syscall: 'copyfile',
  code: 'ENOENT',
  path: 'c:/users/tim.stanford/AppData/Local/Google/Chrome/User Data/Default/Favicons',
  dest: 'Favicons'
}

Node.js v18.16.1
node:internal/fs/utils:347
    throw err;
    ^

Error: ENOENT: no such file or directory, copyfile 'c:/users/tim.stanford/AppData/Local/Google/Chrome/User Data/Default/Favicons' -> 'Favicons'
    at Object.copyFileSync (node:fs:2894:3)
    at readAllFavicons (C:\Users\tim.stanford\Documents\code\tim\chrome-homepage\server.js:35:8)
    at Object.<anonymous> (C:\Users\tim.stanford\Documents\code\tim\chrome-homepage\server.js:95:1)
    at Module._compile (node:internal/modules/cjs/loader:1256:14)
    at Module._extensions..js (node:internal/modules/cjs/loader:1310:10)
    at Module.load (node:internal/modules/cjs/loader:1119:32)
    at Module._load (node:internal/modules/cjs/loader:960:12)
    at Function.executeUserEntryPoint [as runMain] (node:internal/modules/run_main:81:12)
    at node:internal/main/run_main_module:23:47 {
  errno: -4058,
  syscall: 'copyfile',
  code: 'ENOENT',
  path: 'c:/users/tim.stanford/AppData/Local/Google/Chrome/User Data/Default/Favicons',
  dest: 'Favicons'
}

Node.js v18.16.1
Error: ENOENT: no such file or directory, open 'c:\users\tim.stanford\AppData\Local\Google\Chrome\v_mniubtg\Default\Bookmarks'
    at Object.open (node:internal/fs/sync:78:18)
    at Object.openSync (node:fs:565:17)
    at Object.readFileSync (node:fs:445:35)
    at getBookmarkData (C:\Users\tim.stanford\Documents\code\tim\chrome-homepage\server.js:20:30)
    at C:\Users\tim.stanford\Documents\code\tim\chrome-homepage\server.js:71:19
    at Layer.handle [as handle_request] (C:\Users\tim.stanford\Documents\code\tim\chrome-homepage\node_modules\express\lib\router\layer.js:95:5)
    at next (C:\Users\tim.stanford\Documents\code\tim\chrome-homepage\node_modules\express\lib\router\route.js:137:13)
    at Route.dispatch (C:\Users\tim.stanford\Documents\code\tim\chrome-homepage\node_modules\express\lib\router\route.js:112:3)
    at Layer.handle [as handle_request] (C:\Users\tim.stanford\Documents\code\tim\chrome-homepage\node_modules\express\lib\router\layer.js:95:5)
    at C:\Users\tim.stanford\Documents\code\tim\chrome-homepage\node_modules\express\lib\router\index.js:281:22
    at Function.process_params (C:\Users\tim.stanford\Documents\code\tim\chrome-homepage\node_modules\express\lib\router\index.js:341:12)
    at next (C:\Users\tim.stanford\Documents\code\tim\chrome-homepage\node_modules\express\lib\router\index.js:275:10)
    at expressInit (C:\Users\tim.stanford\Documents\code\tim\chrome-homepage\node_modules\express\lib\middleware\init.js:40:5)
    at Layer.handle [as handle_request] (C:\Users\tim.stanford\Documents\code\tim\chrome-homepage\node_modules\express\lib\router\layer.js:95:5)
    at trim_prefix (C:\Users\tim.stanford\Documents\code\tim\chrome-homepage\node_modules\express\lib\router\index.js:323:13)
    at C:\Users\tim.stanford\Documents\code\tim\chrome-homepage\node_modules\express\lib\router\index.js:284:7
node:events:497
      throw er; // Unhandled 'error' event
      ^

Error: listen EADDRINUSE: address already in use :::80
    at Server.setupListenHandle [as _listen2] (node:net:1872:16)
    at listenInCluster (node:net:1920:12)
    at Server.listen (node:net:2008:7)
    at Function.listen (C:\Users\tim.stanford\Documents\code\tim\chrome-homepage\node_modules\express\lib\application.js:618:24)
    at Object.<anonymous> (C:\Users\tim.stanford\Documents\code\tim\chrome-homepage\server.js:99:5)
    at Module._compile (node:internal/modules/cjs/loader:1375:14)
    at Module._extensions..js (node:internal/modules/cjs/loader:1434:10)
    at Module.load (node:internal/modules/cjs/loader:1206:32)
    at Module._load (node:internal/modules/cjs/loader:1022:12)
    at Function.executeUserEntryPoint [as runMain] (node:internal/modules/run_main:142:12)
    at node:internal/main/run_main_module:28:49
Emitted 'error' event on Server instance at:
    at emitErrorNT (node:net:1899:8)
    at process.processTicksAndRejections (node:internal/process/task_queues:82:21) {
  code: 'EADDRINUSE',
  errno: -4091,
  syscall: 'listen',
  address: '::',
  port: 80
}

Node.js v21.5.0
node:events:497
      throw er; // Unhandled 'error' event
      ^

Error: listen EADDRINUSE: address already in use :::80
    at Server.setupListenHandle [as _listen2] (node:net:1872:16)
    at listenInCluster (node:net:1920:12)
    at Server.listen (node:net:2008:7)
    at Function.listen (C:\Users\tim.stanford\Documents\code\tim\chrome-homepage\node_modules\express\lib\application.js:618:24)
    at Object.<anonymous> (C:\Users\tim.stanford\Documents\code\tim\chrome-homepage\server.js:99:5)
    at Module._compile (node:internal/modules/cjs/loader:1375:14)
    at Module._extensions..js (node:internal/modules/cjs/loader:1434:10)
    at Module.load (node:internal/modules/cjs/loader:1206:32)
    at Module._load (node:internal/modules/cjs/loader:1022:12)
    at Function.executeUserEntryPoint [as runMain] (node:internal/modules/run_main:142:12)
    at node:internal/main/run_main_module:28:49
Emitted 'error' event on Server instance at:
    at emitErrorNT (node:net:1899:8)
    at process.processTicksAndRejections (node:internal/process/task_queues:82:21) {
  code: 'EADDRINUSE',
  errno: -4091,
  syscall: 'listen',
  address: '::',
  port: 80
}

Node.js v21.5.0
node:events:497
      throw er; // Unhandled 'error' event
      ^

Error: listen EADDRINUSE: address already in use :::80
    at Server.setupListenHandle [as _listen2] (node:net:1872:16)
    at listenInCluster (node:net:1920:12)
    at Server.listen (node:net:2008:7)
    at Function.listen (C:\Users\tim.stanford\Documents\code\tim\chrome-homepage\node_modules\express\lib\application.js:618:24)
    at Object.<anonymous> (C:\Users\tim.stanford\Documents\code\tim\chrome-homepage\server.js:99:5)
    at Module._compile (node:internal/modules/cjs/loader:1375:14)
    at Module._extensions..js (node:internal/modules/cjs/loader:1434:10)
    at Module.load (node:internal/modules/cjs/loader:1206:32)
    at Module._load (node:internal/modules/cjs/loader:1022:12)
    at Function.executeUserEntryPoint [as runMain] (node:internal/modules/run_main:142:12)
    at node:internal/main/run_main_module:28:49
Emitted 'error' event on Server instance at:
    at emitErrorNT (node:net:1899:8)
    at process.processTicksAndRejections (node:internal/process/task_queues:82:21) {
  code: 'EADDRINUSE',
  errno: -4091,
  syscall: 'listen',
  address: '::',
  port: 80
}

Node.js v21.5.0
node:fs:3005
  binding.copyFile(
          ^

Error: ENOENT: no such file or directory, copyfile 'C:\chromeprofile\Favicons' -> 'C:\tmp\Favicons'
    at Object.copyFileSync (node:fs:3005:11)
    at readAllFavicons (C:\Users\tim.stanford\Documents\code\tim\chrome-homepage\server.js:39:8)
    at Object.<anonymous> (C:\Users\tim.stanford\Documents\code\tim\chrome-homepage\server.js:99:1)
    at Module._compile (node:internal/modules/cjs/loader:1378:14)
    at Module._extensions..js (node:internal/modules/cjs/loader:1437:10)
    at Module.load (node:internal/modules/cjs/loader:1212:32)
    at Module._load (node:internal/modules/cjs/loader:1028:12)
    at Function.executeUserEntryPoint [as runMain] (node:internal/modules/run_main:142:12)
    at node:internal/main/run_main_module:28:49 {
  errno: -4058,
  code: 'ENOENT',
  syscall: 'copyfile',
  path: 'C:\\chromeprofile\\Favicons',
  dest: 'C:\\tmp\\Favicons'
}

Node.js v21.6.1
node:fs:3005
  binding.copyFile(
          ^

Error: ENOENT: no such file or directory, copyfile 'C:\chromeprofile\Favicons' -> 'C:\tmp\Favicons'
    at Object.copyFileSync (node:fs:3005:11)
    at readAllFavicons (C:\Users\tim.stanford\Documents\code\tim\chrome-homepage\server.js:39:8)
    at Object.<anonymous> (C:\Users\tim.stanford\Documents\code\tim\chrome-homepage\server.js:99:1)
    at Module._compile (node:internal/modules/cjs/loader:1378:14)
    at Module._extensions..js (node:internal/modules/cjs/loader:1437:10)
    at Module.load (node:internal/modules/cjs/loader:1212:32)
    at Module._load (node:internal/modules/cjs/loader:1028:12)
    at Function.executeUserEntryPoint [as runMain] (node:internal/modules/run_main:142:12)
    at node:internal/main/run_main_module:28:49 {
  errno: -4058,
  code: 'ENOENT',
  syscall: 'copyfile',
  path: 'C:\\chromeprofile\\Favicons',
  dest: 'C:\\tmp\\Favicons'
}

Node.js v21.6.1
node:fs:3005
  binding.copyFile(
          ^

Error: ENOENT: no such file or directory, copyfile 'C:\chromeprofile\Favicons' -> 'C:\tmp\Favicons'
    at Object.copyFileSync (node:fs:3005:11)
    at readAllFavicons (C:\Users\tim.stanford\Documents\code\tim\chrome-homepage\server.js:39:8)
    at Object.<anonymous> (C:\Users\tim.stanford\Documents\code\tim\chrome-homepage\server.js:99:1)
    at Module._compile (node:internal/modules/cjs/loader:1378:14)
    at Module._extensions..js (node:internal/modules/cjs/loader:1437:10)
    at Module.load (node:internal/modules/cjs/loader:1212:32)
    at Module._load (node:internal/modules/cjs/loader:1028:12)
    at Function.executeUserEntryPoint [as runMain] (node:internal/modules/run_main:142:12)
    at node:internal/main/run_main_module:28:49 {
  errno: -4058,
  code: 'ENOENT',
  syscall: 'copyfile',
  path: 'C:\\chromeprofile\\Favicons',
  dest: 'C:\\tmp\\Favicons'
}

Node.js v21.6.1
